<?xml version="1.0" encoding="UTF-8"?>
<testng-results ignored="0" total="1" passed="1" failed="0" skipped="0">
  <reporter-output>
  </reporter-output>
  <suite started-at="2022-07-24T23:40:01 IST" name="Default suite" finished-at="2022-07-24T23:47:43 IST" duration-ms="461961">
    <groups>
    </groups>
    <test started-at="2022-07-24T23:40:01 IST" name="Default test" finished-at="2022-07-24T23:47:43 IST" duration-ms="461961">
      <class name="Wazirx.HomepageWazirx">
        <test-method signature="getHomePage()[pri:0, instance:Wazirx.HomepageWazirx@15fb7a32]" started-at="2022-07-24T23:40:01 IST" name="getHomePage" finished-at="2022-07-24T23:47:43 IST" duration-ms="461885" status="PASS">
          <reporter-output>
          </reporter-output>
        </test-method> <!-- getHomePage -->
      </class> <!-- Wazirx.HomepageWazirx -->
    </test> <!-- Default test -->
  </suite> <!-- Default suite -->
</testng-results>
