<?xml version="1.0" encoding="UTF-8"?>
<!-- Generated by org.testng.reporters.JUnitXMLReporter -->
<testsuite ignored="0" hostname="LAPTOP-03U093DF" failures="0" tests="4" name="Surefire test" time="0.095" errors="0" timestamp="2022-06-11T14:29:08 IST">
  <testcase classname="Automation.Tutorial.AbcTest" name="abctest1" time="0.009"/>
  <testcase classname="Automation.Tutorial.AbcTest" name="abctest2" time="0.0"/>
  <testcase classname="Automation.Tutorial.MnoTest" name="mnotest1" time="0.001"/>
  <testcase classname="Automation.Tutorial.MnoTest" name="mnotest2" time="0.0"/>
</testsuite> <!-- Surefire test -->
