<?xml version="1.0" encoding="UTF-8"?>
<testng-results ignored="0" total="2" passed="2" failed="0" skipped="0">
  <reporter-output>
  </reporter-output>
  <suite started-at="2022-06-12T01:12:31 IST" name="Automation" finished-at="2022-06-12T01:12:31 IST" duration-ms="135">
    <groups>
    </groups>
    <test started-at="2022-06-12T01:12:31 IST" name="Test" finished-at="2022-06-12T01:12:31 IST" duration-ms="135">
      <class name="Automation.Tutorial.AbcTest">
        <test-method signature="abctest1()[pri:0, instance:Automation.Tutorial.AbcTest@429bffaa]" started-at="2022-06-12T01:12:31 IST" name="abctest1" finished-at="2022-06-12T01:12:31 IST" duration-ms="18" status="PASS">
          <reporter-output>
          </reporter-output>
        </test-method> <!-- abctest1 -->
        <test-method signature="abctest2()[pri:0, instance:Automation.Tutorial.AbcTest@429bffaa]" started-at="2022-06-12T01:12:31 IST" name="abctest2" finished-at="2022-06-12T01:12:31 IST" duration-ms="3" status="PASS">
          <reporter-output>
          </reporter-output>
        </test-method> <!-- abctest2 -->
      </class> <!-- Automation.Tutorial.AbcTest -->
    </test> <!-- Test -->
  </suite> <!-- Automation -->
</testng-results>
