<?xml version="1.0" encoding="UTF-8"?>
<testng-results ignored="0" total="1" passed="1" failed="0" skipped="0">
  <reporter-output>
  </reporter-output>
  <suite started-at="2022-06-12T19:26:51 IST" name="Default suite" finished-at="2022-06-12T19:27:05 IST" duration-ms="13830">
    <groups>
    </groups>
    <test started-at="2022-06-12T19:26:51 IST" name="Default test" finished-at="2022-06-12T19:27:05 IST" duration-ms="13830">
      <class name="Automation.Reporting.Report1">
        <test-method is-config="true" signature="config()[pri:0, instance:Automation.Reporting.Report1@5a56cdac]" started-at="2022-06-12T19:26:51 IST" name="config" finished-at="2022-06-12T19:26:52 IST" duration-ms="645" status="PASS">
          <reporter-output>
          </reporter-output>
        </test-method> <!-- config -->
        <test-method signature="browserLaunch()[pri:0, instance:Automation.Reporting.Report1@5a56cdac]" started-at="2022-06-12T19:26:52 IST" name="browserLaunch" finished-at="2022-06-12T19:27:05 IST" duration-ms="13099" status="PASS">
          <reporter-output>
          </reporter-output>
        </test-method> <!-- browserLaunch -->
      </class> <!-- Automation.Reporting.Report1 -->
    </test> <!-- Default test -->
  </suite> <!-- Default suite -->
</testng-results>
