<?xml version="1.0" encoding="UTF-8"?>
<!-- Generated by org.testng.reporters.JUnitXMLReporter -->
<testsuite ignored="0" hostname="LAPTOP-03U093DF" failures="0" tests="8" name="Test" time="0.087" errors="0" timestamp="2022-07-02T02:56:57 IST">
  <testcase classname="TestNGPractice.Test3" name="Demo01" time="0.007"/>
  <testcase classname="TestNGPractice.Test3" name="test01" time="0.002"/>
  <testcase classname="TestNGPractice.Test3" name="test02" time="0.001"/>
  <testcase classname="TestNGPractice.Test3" name="test03" time="0.002"/>
  <testcase classname="TestNGPractice.Test3" name="test04" time="0.001"/>
  <testcase classname="TestNGPractice.Test2" name="test01" time="0.001"/>
  <testcase classname="TestNGPractice.Test1" name="test01" time="0.001"/>
  <testcase classname="TestNGPractice.Test1" name="test02" time="0.001"/>
</testsuite> <!-- Test -->
