<?xml version="1.0" encoding="UTF-8"?>
<!-- Generated by org.testng.reporters.JUnitXMLReporter -->
<testsuite ignored="4" hostname="LAPTOP-03U093DF" failures="0" tests="1" name="TestNGPractice02" time="0.005" errors="0" timestamp="2022-06-08T00:37:19 IST">
  <testcase classname="TestNGPractice.Test3" name="Demo01" time="0.002"/>
  <testcase classname="TestNGPractice.Test3" name="test04" time="0.0">
    <ignored/>
  </testcase> <!-- test04 -->
  <testcase classname="TestNGPractice.Test3" name="test02" time="0.0">
    <ignored/>
  </testcase> <!-- test02 -->
  <testcase classname="TestNGPractice.Test3" name="test03" time="0.0">
    <ignored/>
  </testcase> <!-- test03 -->
  <testcase classname="TestNGPractice.Test3" name="test01" time="0.0">
    <ignored/>
  </testcase> <!-- test01 -->
</testsuite> <!-- TestNGPractice02 -->
