<?xml version="1.0" encoding="UTF-8"?>
<!-- Generated by org.testng.reporters.JUnitXMLReporter -->
<testsuite ignored="1" hostname="LAPTOP-03U093DF" failures="0" tests="2" name="TestNGPractice01" time="0.085" errors="0" timestamp="2022-06-08T00:37:19 IST">
  <testcase classname="TestNGPractice.Test1" name="test02" time="0.013"/>
  <testcase classname="TestNGPractice.Test2" name="test01" time="0.002"/>
  <testcase classname="TestNGPractice.Test1" name="test01" time="0.0">
    <ignored/>
  </testcase> <!-- test01 -->
</testsuite> <!-- TestNGPractice01 -->
