<?xml version="1.0" encoding="UTF-8"?>
<!-- Generated by org.testng.reporters.JUnitXMLReporter -->
<testsuite ignored="0" hostname="LAPTOP-03U093DF" failures="0" tests="3" name="TestNGPractice" time="0.089" errors="0" timestamp="2022-06-08T00:06:45 IST">
  <testcase classname="TestNGPractice.Test1" name="test01" time="0.015"/>
  <testcase classname="TestNGPractice.Test1" name="test02" time="0.003"/>
  <testcase classname="TestNGPractice.Test2" name="test01" time="0.002"/>
</testsuite> <!-- TestNGPractice -->
